This is pdfTeX, Version 3.14159265-2.6-1.40.19 (MiKTeX 2.9.6930 64-bit) (preloaded format=pdflatex 2019.3.7)  10 MAR 2019 22:52
entering extended mode
**./ozt_2018_2019_19.tex
(ozt_2018_2019_19.tex
LaTeX2e <2018-12-01>
("C:\Users\bono-\AppData\Local\Programs\MiKTeX 2.9\tex/latex/base\article.cls"
Document Class: article 2018/09/03 v1.4i Standard LaTeX document class
("C:\Users\bono-\AppData\Local\Programs\MiKTeX 2.9\tex/latex/base\size10.clo"
File: size10.clo 2018/09/03 v1.4i Standard LaTeX file (size option)
)
\c@part=\count80
\c@section=\count81
\c@subsection=\count82
\c@subsubsection=\count83
\c@paragraph=\count84
\c@subparagraph=\count85
\c@figure=\count86
\c@table=\count87
\abovecaptionskip=\skip41
\belowcaptionskip=\skip42
\bibindent=\dimen102
) ("C:\Users\bono-\AppData\Local\Programs\MiKTeX 2.9\tex/latex/natbib\natbib.st
y"
Package: natbib 2010/09/13 8.31b (PWD, AO)
\bibhang=\skip43
\bibsep=\skip44
LaTeX Info: Redefining \cite on input line 694.
\c@NAT@ctr=\count88
)
("C:\Users\bono-\AppData\Local\Programs\MiKTeX 2.9\tex/latex/graphics\graphicx.
sty"
Package: graphicx 2017/06/01 v1.1a Enhanced LaTeX Graphics (DPC,SPQR)

("C:\Users\bono-\AppData\Local\Programs\MiKTeX 2.9\tex/latex/graphics\keyval.st
y"
Package: keyval 2014/10/28 v1.15 key=value parser (DPC)
\KV@toks@=\toks14
)
("C:\Users\bono-\AppData\Local\Programs\MiKTeX 2.9\tex/latex/graphics\graphics.
sty"
Package: graphics 2017/06/25 v1.2c Standard LaTeX Graphics (DPC,SPQR)

("C:\Users\bono-\AppData\Local\Programs\MiKTeX 2.9\tex/latex/graphics\trig.sty"
Package: trig 2016/01/03 v1.10 sin cos tan (DPC)
)
("C:\Users\bono-\AppData\Local\Programs\MiKTeX 2.9\tex/latex/graphics-cfg\graph
ics.cfg"
File: graphics.cfg 2016/06/04 v1.11 sample graphics configuration
)
Package graphics Info: Driver file: pdftex.def on input line 99.

("C:\Users\bono-\AppData\Local\Programs\MiKTeX 2.9\tex/latex/graphics-def\pdfte
x.def"
File: pdftex.def 2018/01/08 v1.0l Graphics/color driver for pdftex
))
\Gin@req@height=\dimen103
\Gin@req@width=\dimen104
) (ozt_2018_2019_19.aux)
\openout1 = `ozt_2018_2019_19.aux'.

LaTeX Font Info:    Checking defaults for OML/cmm/m/it on input line 11.
LaTeX Font Info:    ... okay on input line 11.
LaTeX Font Info:    Checking defaults for T1/cmr/m/n on input line 11.
LaTeX Font Info:    ... okay on input line 11.
LaTeX Font Info:    Checking defaults for OT1/cmr/m/n on input line 11.
LaTeX Font Info:    ... okay on input line 11.
LaTeX Font Info:    Checking defaults for OMS/cmsy/m/n on input line 11.
LaTeX Font Info:    ... okay on input line 11.
LaTeX Font Info:    Checking defaults for OMX/cmex/m/n on input line 11.
LaTeX Font Info:    ... okay on input line 11.
LaTeX Font Info:    Checking defaults for U/cmr/m/n on input line 11.
LaTeX Font Info:    ... okay on input line 11.

("C:\Users\bono-\AppData\Local\Programs\MiKTeX 2.9\tex/context/base/mkii\supp-p
df.mkii"
[Loading MPS to PDF converter (version 2006.09.02).]
\scratchcounter=\count89
\scratchdimen=\dimen105
\scratchbox=\box27
\nofMPsegments=\count90
\nofMParguments=\count91
\everyMPshowfont=\toks15
\MPscratchCnt=\count92
\MPscratchDim=\dimen106
\MPnumerator=\count93
\makeMPintoPDFobject=\count94
\everyMPtoPDFconversion=\toks16
)
("C:\Users\bono-\AppData\Local\Programs\MiKTeX 2.9\tex/latex/oberdiek\epstopdf-
base.sty"
Package: epstopdf-base 2016/05/15 v2.6 Base part for package epstopdf

("C:\Users\bono-\AppData\Local\Programs\MiKTeX 2.9\tex/generic/oberdiek\infware
rr.sty"
Package: infwarerr 2016/05/16 v1.4 Providing info/warning/error messages (HO)
)
("C:\Users\bono-\AppData\Local\Programs\MiKTeX 2.9\tex/latex/oberdiek\grfext.st
y"
Package: grfext 2016/05/16 v1.2 Manage graphics extensions (HO)

("C:\Users\bono-\AppData\Local\Programs\MiKTeX 2.9\tex/generic/oberdiek\kvdefin
ekeys.sty"
Package: kvdefinekeys 2016/05/16 v1.4 Define keys (HO)

("C:\Users\bono-\AppData\Local\Programs\MiKTeX 2.9\tex/generic/oberdiek\ltxcmds
.sty"
Package: ltxcmds 2016/05/16 v1.23 LaTeX kernel commands for general use (HO)
)))
("C:\Users\bono-\AppData\Local\Programs\MiKTeX 2.9\tex/latex/oberdiek\kvoptions
.sty"
Package: kvoptions 2016/05/16 v3.12 Key value format for package options (HO)

("C:\Users\bono-\AppData\Local\Programs\MiKTeX 2.9\tex/generic/oberdiek\kvsetke
ys.sty"
Package: kvsetkeys 2016/05/16 v1.17 Key value parser (HO)

("C:\Users\bono-\AppData\Local\Programs\MiKTeX 2.9\tex/generic/oberdiek\etexcmd
s.sty"
Package: etexcmds 2016/05/16 v1.6 Avoid name clashes with e-TeX commands (HO)

("C:\Users\bono-\AppData\Local\Programs\MiKTeX 2.9\tex/generic/oberdiek\ifluate
x.sty"
Package: ifluatex 2016/05/16 v1.4 Provides the ifluatex switch (HO)
Package ifluatex Info: LuaTeX not detected.
))))
("C:\Users\bono-\AppData\Local\Programs\MiKTeX 2.9\tex/generic/oberdiek\pdftexc
mds.sty"
Package: pdftexcmds 2018/09/10 v0.29 Utility functions of pdfTeX for LuaTeX (HO
)

("C:\Users\bono-\AppData\Local\Programs\MiKTeX 2.9\tex/generic/oberdiek\ifpdf.s
ty"
Package: ifpdf 2018/09/07 v3.3 Provides the ifpdf switch
)
Package pdftexcmds Info: LuaTeX not detected.
Package pdftexcmds Info: \pdf@primitive is available.
Package pdftexcmds Info: \pdf@ifprimitive is available.
Package pdftexcmds Info: \pdfdraftmode found.
)
Package epstopdf-base Info: Redefining graphics rule for `.eps' on input line 4
38.
Package grfext Info: Graphics extension search list:
(grfext)             [.pdf,.png,.jpg,.mps,.jpeg,.jbig2,.jb2,.PDF,.PNG,.JPG,.JPE
G,.JBIG2,.JB2,.eps]
(grfext)             \AppendGraphicsExtensions on input line 456.
)
LaTeX Font Info:    External font `cmex10' loaded for size
(Font)              <12> on input line 13.
LaTeX Font Info:    External font `cmex10' loaded for size
(Font)              <8> on input line 13.
LaTeX Font Info:    External font `cmex10' loaded for size
(Font)              <6> on input line 13.
 [1

{C:/Users/bono-/AppData/Local/MiKTeX/2.9/pdftex/config/pdftex.map}]
(ozt_2018_2019_19.toc
LaTeX Font Info:    External font `cmex10' loaded for size
(Font)              <7> on input line 3.
LaTeX Font Info:    External font `cmex10' loaded for size
(Font)              <5> on input line 3.
)
\tf@toc=\write3
\openout3 = `ozt_2018_2019_19.toc'.

 [2]
Underfull \hbox (badness 10000) in paragraph at lines 24--27

 []


Overfull \hbox (2.00047pt too wide) in paragraph at lines 24--27
\OT1/cmr/m/n/10 Tevens hebben we deze ar-tikels ook kri-tisch bekeken en zelf e
nkele on-der-zoeksvra-
 []

LaTeX Font Info:    Try loading font information for OMS+cmr on input line 31.
("C:\Users\bono-\AppData\Local\Programs\MiKTeX 2.9\tex/latex/base\omscmr.fd"
File: omscmr.fd 2014/09/29 v2.5h Standard LaTeX font definitions
)
LaTeX Font Info:    Font shape `OMS/cmr/m/n' in size <10> not available
(Font)              Font shape `OMS/cmsy/m/n' tried instead on input line 31.
<./images/O1.png, id=13, 266.49562pt x 204.765pt>
File: ./images/O1.png Graphic file (type png)
<use ./images/O1.png>
Package pdftex.def Info: ./images/O1.png  used on input line 38.
(pdftex.def)             Requested size: 227.6284pt x 142.27219pt.

[1 <./images/O1.png>]
<./images/O2.png, id=20, 258.9675pt x 200.24812pt>
File: ./images/O2.png Graphic file (type png)
<use ./images/O2.png>
Package pdftex.def Info: ./images/O2.png  used on input line 49.
(pdftex.def)             Requested size: 227.63127pt x 142.27188pt.
<./images/O3.jpg, id=21, 451.6875pt x 348.55219pt>
File: ./images/O3.jpg Graphic file (type jpg)
<use ./images/O3.jpg>
Package pdftex.def Info: ./images/O3.jpg  used on input line 59.
(pdftex.def)             Requested size: 227.62827pt x 142.26378pt.
 [2 <./images/O2.png> <./images/O3.jpg>]
<./images/O4-H1.png, id=26, 451.6875pt x 348.55219pt>
File: ./images/O4-H1.png Graphic file (type png)
<use ./images/O4-H1.png>
Package pdftex.def Info: ./images/O4-H1.png  used on input line 67.
(pdftex.def)             Requested size: 142.26163pt x 85.35614pt.
<./images/O4-H2.png, id=27, 451.6875pt x 348.55219pt>
File: ./images/O4-H2.png Graphic file (type png)
<use ./images/O4-H2.png>
Package pdftex.def Info: ./images/O4-H2.png  used on input line 68.
(pdftex.def)             Requested size: 142.26163pt x 85.35614pt.

Underfull \hbox (badness 10000) in paragraph at lines 75--76

 []

<./images/O5-H1.png, id=28, 451.6875pt x 348.55219pt>
File: ./images/O5-H1.png Graphic file (type png)
<use ./images/O5-H1.png>
Package pdftex.def Info: ./images/O5-H1.png  used on input line 77.
(pdftex.def)             Requested size: 142.26163pt x 85.35614pt.
<./images/O5-H2.png, id=29, 451.6875pt x 348.55219pt>
File: ./images/O5-H2.png Graphic file (type png)
<use ./images/O5-H2.png>
Package pdftex.def Info: ./images/O5-H2.png  used on input line 78.
(pdftex.def)             Requested size: 142.26163pt x 85.35614pt.
[3 <./images/O4-H1.png> <./images/O4-H2.png> <./images/O5-H1.png> <./images/O5-
H2.png>]
<./images/O6.png, id=33, 451.6875pt x 348.55219pt>
File: ./images/O6.png Graphic file (type png)
<use ./images/O6.png>
Package pdftex.def Info: ./images/O6.png  used on input line 88.
(pdftex.def)             Requested size: 227.62827pt x 142.26378pt.
 [4 <./images/O6.png>]
Underfull \hbox (badness 10000) in paragraph at lines 97--131

 []


Underfull \hbox (badness 10000) in paragraph at lines 97--131

 []


Underfull \hbox (badness 10000) in paragraph at lines 97--131

 []


Underfull \hbox (badness 10000) in paragraph at lines 97--131

 []


Underfull \hbox (badness 10000) in paragraph at lines 97--131

 []


Underfull \hbox (badness 10000) in paragraph at lines 97--131

 []


Underfull \hbox (badness 10000) in paragraph at lines 97--131

 []


Underfull \hbox (badness 10000) in paragraph at lines 97--131

 []


Underfull \hbox (badness 10000) in paragraph at lines 97--131

 []


Underfull \hbox (badness 10000) in paragraph at lines 97--131

 []


Underfull \hbox (badness 10000) in paragraph at lines 97--131

 []

[5] [6] [7] (ozt_2018_2019_19.bbl
! Misplaced alignment tab character &.
l.23 \newblock {\em Eos Psyche&
                               Brein}.
I can't figure out why you would want to use a tab mark
here. If you just want an ampersand, the remedy is
simple: Just type `I\&' now. But if some right brace
up above has ended a previous alignment prematurely,
you're probably due for more error messages, and you
might try typing `S' now just to see what is salvageable.

) [8]
Underfull \hbox (badness 10000) in paragraph at lines 139--147

 []

[9] (ozt_2018_2019_19.aux) ) 
Here is how much of TeX's memory you used:
 1859 strings out of 492946
 27002 string characters out of 3126267
 98749 words of memory out of 3000000
 5743 multiletter control sequences out of 15000+200000
 8241 words of font info for 29 fonts, out of 3000000 for 9000
 1141 hyphenation exceptions out of 8191
 41i,7n,25p,938b,303s stack positions out of 5000i,500n,10000p,200000b,50000s
<C:/Users/bono-/AppData/Local/Programs/MiKTeX 2.9/f
onts/type1/public/amsfonts/cm/cmbx10.pfb><C:/Users/bono-/AppData/Local/Programs
/MiKTeX 2.9/fonts/type1/public/amsfonts/cm/cmbx12.pfb><C:/Users/bono-/AppData/L
ocal/Programs/MiKTeX 2.9/fonts/type1/public/amsfonts/cm/cmr10.pfb><C:/Users/bon
o-/AppData/Local/Programs/MiKTeX 2.9/fonts/type1/public/amsfonts/cm/cmr12.pfb><
C:/Users/bono-/AppData/Local/Programs/MiKTeX 2.9/fonts/type1/public/amsfonts/cm
/cmr17.pfb><C:/Users/bono-/AppData/Local/Programs/MiKTeX 2.9/fonts/type1/public
/amsfonts/cm/cmsy10.pfb><C:/Users/bono-/AppData/Local/Programs/MiKTeX 2.9/fonts
/type1/public/amsfonts/cm/cmti10.pfb>
Output written on ozt_2018_2019_19.pdf (11 pages, 251397 bytes).
PDF statistics:
 77 PDF objects out of 1000 (max. 8388607)
 0 named destinations out of 1000 (max. 500000)
 41 words of extra memory for PDF output out of 10000 (max. 10000000)

