This is pdfTeX, Version 3.14159265-2.6-1.40.19 (MiKTeX 2.9.6930 64-bit) (preloaded format=pdflatex 2019.3.7)  7 MAR 2019 14:15
entering extended mode
**./titlepage.tex
(titlepage.tex
LaTeX2e <2018-12-01>

! LaTeX Error: Environment titlepage undefined.

See the LaTeX manual or LaTeX Companion for explanation.
Type  H <return>  for immediate help.
 ...                                              
                                                  
l.1 \begin{titlepage}
                     
Your command was ignored.
Type  I <command> <return>  to replace it with another command,
or  <return>  to continue without it.


! LaTeX Error: Missing \begin{document}.

See the LaTeX manual or LaTeX Companion for explanation.
Type  H <return>  for immediate help.
 ...                                              
                                                  
l.2 	\begin{center}
                   
You're in trouble here.  Try typing  <return>  to proceed.
If that doesn't work, type  X <return>  to quit.


Overfull \hbox (20.0pt too wide) in paragraph at lines 2--2
[] 
 []

Missing character: There is no O in font nullfont!
Missing character: There is no Z in font nullfont!
Missing character: There is no T in font nullfont!
Missing character: There is no 2 in font nullfont!
Missing character: There is no 0 in font nullfont!
Missing character: There is no 1 in font nullfont!
Missing character: There is no 8 in font nullfont!
Missing character: There is no - in font nullfont!
Missing character: There is no 2 in font nullfont!
Missing character: There is no 0 in font nullfont!
Missing character: There is no 1 in font nullfont!
Missing character: There is no 9 in font nullfont!

Overfull \hbox (85.61205pt too wide) in paragraph at lines 5--8
 \OT1/cmr/bx/n/10 Literatuurstudie: 
 []


Overfull \hbox (26.02766pt too wide) in paragraph at lines 5--8
 \OT1/cmr/bx/n/10 Leer- 
 []


Overfull \hbox (29.54846pt too wide) in paragraph at lines 5--8
 \OT1/cmr/bx/n/10 meth- 
 []


Overfull \hbox (22.26515pt too wide) in paragraph at lines 5--8
 \OT1/cmr/bx/n/10 odes 
 []


Overfull \hbox (25.71512pt too wide) in paragraph at lines 9--10
 []\OT1/cmr/bx/n/10 Santi 
 []


Overfull \hbox (30.02765pt too wide) in paragraph at lines 9--10
 \OT1/cmr/bx/n/10 Mere- 
 []


Overfull \hbox (29.29286pt too wide) in paragraph at lines 9--10
 \OT1/cmr/bx/n/10 mans, 
 []


Overfull \hbox (12.50688pt too wide) in paragraph at lines 9--10
 \OT1/cmr/bx/n/10 Fe 
 []


Overfull \hbox (23.54846pt too wide) in paragraph at lines 9--10
 \OT1/cmr/bx/n/10 Van- 
 []


Overfull \hbox (25.39568pt too wide) in paragraph at lines 9--10
 \OT1/cmr/bx/n/10 man- 
 []


Overfull \hbox (36.95952pt too wide) in paragraph at lines 9--10
 \OT1/cmr/bx/n/10 shoven, 
 []


Overfull \hbox (24.854pt too wide) in paragraph at lines 9--10
 \OT1/cmr/bx/n/10 Gau- 
 []


Overfull \hbox (17.67354pt too wide) in paragraph at lines 9--10
 \OT1/cmr/bx/n/10 tier 
 []


Overfull \hbox (11.65967pt too wide) in paragraph at lines 9--10
 \OT1/cmr/bx/n/10 de 
 []


Overfull \hbox (26.3332pt too wide) in paragraph at lines 9--10
 \OT1/cmr/bx/n/10 Brui- 
 []


Overfull \hbox (18.36797pt too wide) in paragraph at lines 9--10
 \OT1/cmr/bx/n/10 jne, 
 []


Overfull \hbox (26.0693pt too wide) in paragraph at lines 9--10
 \OT1/cmr/bx/n/10 Bono 
 []


Overfull \hbox (49.27193pt too wide) in paragraph at lines 9--10
 \OT1/cmr/bx/n/10 Opalfvens 
 []

! Undefined control sequence.
l.12 		\includegraphics
                       [width=0.4\textwidth]{university}
The control sequence at the end of the top line
of your error message was never \def'ed. If you have
misspelled it (e.g., `\hobx'), type `I' and the correct
spelling (e.g., `I\hbox'). Otherwise just continue,
and I'll forget about whatever was undefined.

Missing character: There is no [ in font nullfont!
Missing character: There is no w in font nullfont!
Missing character: There is no i in font nullfont!
Missing character: There is no d in font nullfont!
Missing character: There is no t in font nullfont!
Missing character: There is no h in font nullfont!
Missing character: There is no = in font nullfont!
Missing character: There is no 0 in font nullfont!
Missing character: There is no . in font nullfont!
Missing character: There is no 4 in font nullfont!
! Missing number, treated as zero.
<to be read again> 
                   ]
l.12 		\includegraphics[width=0.4\textwidth]
                                            {university}
A number should have been here; I inserted `0'.
(If you can't figure out why I needed to see a number,
look up `weird error' in the index to The TeXbook.)

! Illegal unit of measure (pt inserted).
<to be read again> 
                   ]
l.12 		\includegraphics[width=0.4\textwidth]
                                            {university}
Dimensions can be in units of em, ex, in, pt, pc,
cm, mm, dd, cc, nd, nc, bp, or sp; but yours is a new one!
I'll assume that you meant to say pt, for printer's points.
To recover gracefully from this error, it's best to
delete the erroneous units; e.g., type `2' to delete
two letters. (See Chapter 27 of The TeXbook.)

Missing character: There is no ] in font nullfont!
Missing character: There is no u in font nullfont!
Missing character: There is no n in font nullfont!
Missing character: There is no i in font nullfont!
Missing character: There is no v in font nullfont!
Missing character: There is no e in font nullfont!
Missing character: There is no r in font nullfont!
Missing character: There is no s in font nullfont!
Missing character: There is no i in font nullfont!
Missing character: There is no t in font nullfont!
Missing character: There is no y in font nullfont!
Missing character: There is no T in font nullfont!
Missing character: There is no o in font nullfont!
Missing character: There is no e in font nullfont!
Missing character: There is no g in font nullfont!
Missing character: There is no e in font nullfont!
Missing character: There is no p in font nullfont!
Missing character: There is no a in font nullfont!
Missing character: There is no s in font nullfont!
Missing character: There is no t in font nullfont!
Missing character: There is no e in font nullfont!
Missing character: There is no I in font nullfont!
Missing character: There is no n in font nullfont!
Missing character: There is no f in font nullfont!
Missing character: There is no o in font nullfont!
Missing character: There is no r in font nullfont!
Missing character: There is no m in font nullfont!
Missing character: There is no a in font nullfont!
Missing character: There is no t in font nullfont!
Missing character: There is no i in font nullfont!
Missing character: There is no c in font nullfont!
Missing character: There is no a in font nullfont!
Missing character: There is no H in font nullfont!
Missing character: There is no o in font nullfont!
Missing character: There is no g in font nullfont!
Missing character: There is no e in font nullfont!
Missing character: There is no s in font nullfont!
Missing character: There is no c in font nullfont!
Missing character: There is no h in font nullfont!
Missing character: There is no o in font nullfont!
Missing character: There is no o in font nullfont!
Missing character: There is no l in font nullfont!
Missing character: There is no G in font nullfont!
Missing character: There is no e in font nullfont!
Missing character: There is no n in font nullfont!
Missing character: There is no t in font nullfont!
Missing character: There is no B in font nullfont!
Missing character: There is no e in font nullfont!
Missing character: There is no l in font nullfont!
Missing character: There is no g in font nullfont!
Missing character: There is no i in font nullfont!
LaTeX Font Info:    Try loading font information for +cmr on input line 16.
LaTeX Font Info:    No file cmr.fd. on input line 16.

LaTeX Font Warning: Font shape `/cmr/m/n' undefined
(Font)              using `/cmr/m/n' instead on input line 16.

! Corrupted NFSS tables.
wrong@fontshape ...message {Corrupted NFSS tables}
                                                  error@fontshape else let f...
l.16 		België
              \\
This error message was generated by an \errmessage
command, so I can't give any explicit help.
Pretend that you're Hercule Poirot: Examine all clues,
and deduce the truth by order and method.


LaTeX Font Warning: Font shape `/cmr/m/n' undefined
(Font)              using `OT1/cmr/m/n' instead on input line 16.


Overfull \hbox (9.44446pt too wide) in paragraph at lines 16--16
 []\/cmr/m/n/10 e 
 []

Missing character: There is no 0 in font nullfont!
Missing character: There is no 7 in font nullfont!
Missing character: There is no / in font nullfont!
Missing character: There is no 0 in font nullfont!
Missing character: There is no 3 in font nullfont!
Missing character: There is no / in font nullfont!
Missing character: There is no 2 in font nullfont!
Missing character: There is no 0 in font nullfont!
Missing character: There is no 1 in font nullfont!
Missing character: There is no 9 in font nullfont!

! LaTeX Error: \begin{document} ended by \end{titlepage}.

See the LaTeX manual or LaTeX Companion for explanation.
Type  H <return>  for immediate help.
 ...                                              
                                                  
l.20 \end{titlepage}
                    
Your command was ignored.
Type  I <command> <return>  to replace it with another command,
or  <return>  to continue without it.

)
! Emergency stop.
<*> ./titlepage.tex
                   
*** (job aborted, no legal \end found)

 
Here is how much of TeX's memory you used:
 20 strings out of 492946
 276 string characters out of 3126267
 57652 words of memory out of 3000000
 4015 multiletter control sequences out of 15000+200000
 3948 words of font info for 15 fonts, out of 3000000 for 9000
 1141 hyphenation exceptions out of 8191
 16i,1n,16p,113b,150s stack positions out of 5000i,500n,10000p,200000b,50000s
!  ==> Fatal error occurred, no output PDF file produced!
